<?xml version="1.0" encoding="UTF-8"?>
<!-- Generated by org.testng.reporters.JUnitReportReporter -->
<testsuite hostname="Shivam" failures="0" tests="1" name="selenium.org.TestHelloWorld" time="38.897" errors="0" timestamp="2022-09-17T21:58:59 IST" skipped="0">
  <testcase classname="selenium.org.TestHelloWorld" name="testhelloworld" time="38.897"/>
  <system-out/>
</testsuite> <!-- selenium.org.TestHelloWorld -->
